[21:13:03] [ServerMain/INFO]: Environment: authHost='https://authserver.mojang.com', accountsHost='https://api.mojang.com', sessionHost='https://sessionserver.mojang.com', servicesHost='https://api.minecraftservices.com', name='PROD'
[21:13:04] [ServerMain/INFO]: Loaded 7 recipes
[21:13:04] [ServerMain/INFO]: Loaded 1271 advancements
[21:13:04] [Server thread/INFO]: Starting minecraft server version 1.20
[21:13:04] [Server thread/INFO]: Loading properties
[21:13:04] [Server thread/INFO]: Default game type: SURVIVAL
[21:13:04] [Server thread/INFO]: Generating keypair
[21:13:04] [Server thread/INFO]: Starting Minecraft server on *:25565
[21:13:04] [Server thread/INFO]: Using epoll channel type
[21:13:04] [Server thread/INFO]: Preparing level "world"
[21:13:05] [Server thread/INFO]: Preparing start region for dimension minecraft:overworld
[21:13:06] [Worker-Main-3/INFO]: Preparing spawn area: 0%
[21:13:06] [Worker-Main-1/INFO]: Preparing spawn area: 0%
[21:13:06] [Worker-Main-9/INFO]: Preparing spawn area: 0%
[21:13:06] [Worker-Main-1/INFO]: Preparing spawn area: 0%
[21:13:07] [Worker-Main-2/INFO]: Preparing spawn area: 3%
[21:13:07] [Server thread/INFO]: Time elapsed: 2390 ms
[21:13:07] [Server thread/INFO]: Done (3.025s)! For help, type "help"
[21:13:20] [User Authenticator #1/INFO]: UUID of player BigAL713 is e00b88f4-123b-4769-90f0-f4454c42c240
[21:13:20] [Server thread/INFO]: BigAL713[/192.168.50.217:55856] logged in with entity id 196 at (-436.08410249190194, 69.0, 69.60120767046845)
[21:13:20] [Server thread/INFO]: BigAL713 joined the game
[21:19:51] [Server thread/INFO]: BigAL713 has made the advancement [The Parrots and the Bats]
[21:31:11] [Server thread/WARN]: Mismatch in destroy block pos: gu{x=-385, y=70, z=58} gu{x=-386, y=68, z=58}
[21:31:12] [Server thread/WARN]: Mismatch in destroy block pos: gu{x=-385, y=70, z=58} gu{x=-386, y=68, z=58}
[21:31:15] [Server thread/WARN]: Mismatch in destroy block pos: gu{x=-378, y=69, z=58} gu{x=-375, y=68, z=59}
[21:33:26] [Server thread/INFO]: BigAL713 lost connection: Disconnected
[21:33:26] [Server thread/INFO]: BigAL713 left the game
